[debug] [2023-03-26T06:32:38.782Z] ----------------------------------------------------------------------
[debug] [2023-03-26T06:32:38.786Z] Command:       /usr/local/bin/firebase /home/subham/.cache/firebase/tools/lib/node_modules/firebase-tools/lib/bin/firebase deploy
[debug] [2023-03-26T06:32:38.786Z] CLI Version:   11.25.1
[debug] [2023-03-26T06:32:38.786Z] Platform:      linux
[debug] [2023-03-26T06:32:38.787Z] Node Version:  v16.16.0
[debug] [2023-03-26T06:32:38.787Z] Time:          Sun Mar 26 2023 12:02:38 GMT+0530 (India Standard Time)
[debug] [2023-03-26T06:32:38.788Z] ----------------------------------------------------------------------
[debug] 
[debug] [2023-03-26T06:32:38.917Z] > command requires scopes: ["email","openid","https://www.googleapis.com/auth/cloudplatformprojects.readonly","https://www.googleapis.com/auth/firebase","https://www.googleapis.com/auth/cloud-platform"]
[debug] [2023-03-26T06:32:38.918Z] > authorizing via signed-in user (dev.visionclara@gmail.com)
[debug] [2023-03-26T06:32:38.918Z] [iam] checking project vision-clara for permissions ["firebase.projects.get","firebasehosting.sites.update"]
[debug] [2023-03-26T06:32:38.922Z] >>> [apiv2][query] POST https://cloudresourcemanager.googleapis.com/v1/projects/vision-clara:testIamPermissions [none]
[debug] [2023-03-26T06:32:38.922Z] >>> [apiv2][(partial)header] POST https://cloudresourcemanager.googleapis.com/v1/projects/vision-clara:testIamPermissions x-goog-quota-user=projects/vision-clara
[debug] [2023-03-26T06:32:38.923Z] >>> [apiv2][body] POST https://cloudresourcemanager.googleapis.com/v1/projects/vision-clara:testIamPermissions {"permissions":["firebase.projects.get","firebasehosting.sites.update"]}
[debug] [2023-03-26T06:32:40.310Z] <<< [apiv2][status] POST https://cloudresourcemanager.googleapis.com/v1/projects/vision-clara:testIamPermissions 200
[debug] [2023-03-26T06:32:40.311Z] <<< [apiv2][body] POST https://cloudresourcemanager.googleapis.com/v1/projects/vision-clara:testIamPermissions {"permissions":["firebase.projects.get","firebasehosting.sites.update"]}
[debug] [2023-03-26T06:32:40.314Z] >>> [apiv2][query] GET https://firebase.googleapis.com/v1beta1/projects/vision-clara [none]
[debug] [2023-03-26T06:32:41.011Z] <<< [apiv2][status] GET https://firebase.googleapis.com/v1beta1/projects/vision-clara 200
[debug] [2023-03-26T06:32:41.011Z] <<< [apiv2][body] GET https://firebase.googleapis.com/v1beta1/projects/vision-clara {"projectId":"vision-clara","projectNumber":"357431836284","displayName":"vision-clara","name":"projects/vision-clara","resources":{"hostingSite":"vision-clara"},"state":"ACTIVE","etag":"1_9a8967cc-c7dd-4a55-9d7d-782c3486d79c"}
[debug] [2023-03-26T06:33:33.402Z] Error: Command failed: npm i --omit dev --no-audit
    at checkExecSyncError (node:child_process:828:11)
    at Object.execSync (node:child_process:899:15)
    at execSync (pkg/prelude/bootstrap.js:2111:30)
    at prepareFrameworks (/home/subham/.cache/firebase/tools/lib/node_modules/firebase-tools/lib/frameworks/index.js:372:42)
    at async deploy (/home/subham/.cache/firebase/tools/lib/node_modules/firebase-tools/lib/deploy/index.js:53:13)
[error] 
[error] Error: An unexpected error has occurred.
